  Doctor.cpp
C:\Users\Я\Desktop\lab2\Patient.h(8,9): error C3646: Doctor: неизвестный спецификатор переопределения
C:\Users\Я\Desktop\lab2\Patient.h(8,15): error C4430: отсутствует спецификатор типа - предполагается int. Примечание. C++ не поддерживает int по умолчанию
C:\Users\Я\Desktop\lab2\Patient.h(12,34): error C2061: синтаксическая ошибка: идентификатор "Doctor"
  Hospital.cpp
C:\Users\Я\Desktop\lab2\Doctor.h(6,10): error C3646: Patient: неизвестный спецификатор переопределения
C:\Users\Я\Desktop\lab2\Doctor.h(6,17): error C2143: синтаксическая ошибка: отсутствие "," перед "["
C:\Users\Я\Desktop\lab2\Doctor.h(6,21): error C2238: непредвиденные лексемы перед ";"
C:\Users\Я\Desktop\lab2\Doctor.h(11,33): error C2061: синтаксическая ошибка: идентификатор "Patient"
  lab2.cpp
C:\Users\Я\Desktop\lab2\Doctor.h(6,10): error C3646: Patient: неизвестный спецификатор переопределения
C:\Users\Я\Desktop\lab2\Doctor.h(6,17): error C2143: синтаксическая ошибка: отсутствие "," перед "["
C:\Users\Я\Desktop\lab2\Doctor.h(6,21): error C2238: непредвиденные лексемы перед ";"
C:\Users\Я\Desktop\lab2\Doctor.h(11,33): error C2061: синтаксическая ошибка: идентификатор "Patient"
  Patient.cpp
C:\Users\Я\Desktop\lab2\Doctor.h(6,10): error C3646: Patient: неизвестный спецификатор переопределения
C:\Users\Я\Desktop\lab2\Doctor.h(6,17): error C2143: синтаксическая ошибка: отсутствие "," перед "["
C:\Users\Я\Desktop\lab2\Doctor.h(6,21): error C2238: непредвиденные лексемы перед ";"
C:\Users\Я\Desktop\lab2\Doctor.h(11,33): error C2061: синтаксическая ошибка: идентификатор "Patient"
  Создание кода...
